[2017-05-01 19:51:46] START
[2017-05-01 19:51:46] EDIT taskmanagement/models/db.py: 0
[2017-05-01 20:12:15] CREATE appconfig.ini: 0
[2017-05-01 20:12:34] EDIT taskmanager_backup/private/appconfig.ini: 27
[2017-05-01 20:12:35] EDIT taskmanager_backup/private/appconfig.ini: 0
[2017-05-01 20:16:22] EDIT taskmanagement/static/css/start.css: 0
[2017-05-01 20:16:22] EDIT taskmanagement/static/css/start.css: 0
[2017-05-01 20:16:23] EDIT taskmanagement/static/css/start.css: 0
[2017-05-01 20:16:55] EDIT taskmanagement/static/css/start.css: 0
[2017-05-01 20:16:55] EDIT taskmanagement/static/css/start.css: 0
[2017-05-01 20:16:55] EDIT taskmanagement/static/css/start.css: 0
[2017-05-01 20:16:55] EDIT taskmanagement/static/css/start.css: 0
[2017-05-01 20:18:06] EDIT taskmanagement/static/css/main.css: 0
[2017-05-01 20:18:35] EDIT taskmanagement/static/css/home.css: 0
[2017-05-01 20:21:46] EDIT taskmanagement/views/default/user.html: 0
[2017-05-01 20:22:43] EDIT taskmanagement/views/default/start.html: 0
[2017-05-01 20:22:43] EDIT taskmanagement/views/default/start.html: 0
[2017-05-01 20:22:44] EDIT taskmanagement/views/default/start.html: 0
[2017-05-01 20:26:05] EDIT taskmanagement/views/default/start.html: 0
[2017-05-01 20:26:05] EDIT taskmanagement/views/default/start.html: 0
[2017-05-01 20:26:05] EDIT taskmanagement/views/default/start.html: 0
[2017-05-01 20:26:38] EDIT taskmanagement/static/css/home.css: 0
[2017-05-01 20:26:38] EDIT taskmanagement/static/css/home.css: 0
[2017-05-01 20:26:38] EDIT taskmanagement/static/css/home.css: 0
[2017-05-01 20:26:57] EDIT taskmanagement/static/css/main.css: 0
[2017-05-01 20:26:58] EDIT taskmanagement/static/css/main.css: 0
[2017-05-01 20:26:58] EDIT taskmanagement/static/css/main.css: 0
[2017-05-01 20:27:16] EDIT taskmanagement/static/css/start.css: 0
[2017-05-01 20:36:24] EDIT taskmanagement/static/js/bootstrap.min.js: 923
[2017-05-01 20:37:29] EDIT taskmanagement/static/js/analytics.min.js: 9279
[2017-05-01 20:37:51] EDIT taskmanagement/static/js/calendar.js: 2247
[2017-05-01 20:38:06] EDIT taskmanagement/static/js/dd_belatedpng.js: 341
[2017-05-01 20:38:25] EDIT taskmanagement/static/js/jquery.js: 3692
[2017-05-01 20:38:41] EDIT taskmanagement/static/js/modernizr-2.8.3.min.js: 493
[2017-05-01 20:38:56] EDIT taskmanagement/static/js/modernizr.custom.js: 464
[2017-05-01 20:39:11] EDIT taskmanagement/static/js/respond-1.4.2.min.js: 149
[2017-05-01 20:40:04] EDIT taskmanagement/static/css/bootstrap.min.css: 7016
[2017-05-01 20:40:19] EDIT taskmanagement/static/css/calendar.css: 196
